<?xml version="1.0" encoding="UTF-8"?>
<testsuite name="com.dsb.rest.dao.PanopliesDAOTest" tests="1" skipped="0" failures="0" errors="0" timestamp="2020-11-30T21:39:30" hostname="octo-clem" time="0.935">
  <properties/>
  <testcase name="testGetAllPanoplie" classname="com.dsb.rest.dao.PanopliesDAOTest" time="0.935"/>
  <system-out><![CDATA[]]></system-out>
  <system-err><![CDATA[]]></system-err>
</testsuite>
